[debug] [2017-09-06T17:13:08.895Z] ----------------------------------------------------------------------
[debug] [2017-09-06T17:13:08.900Z] Command:       /home/maggi/.nvm/versions/node/v8.1.4/bin/node /home/maggi/.nvm/versions/node/v8.1.4/bin/firebase deploy
[debug] [2017-09-06T17:13:08.900Z] CLI Version:   3.9.2
[debug] [2017-09-06T17:13:08.900Z] Platform:      linux
[debug] [2017-09-06T17:13:08.900Z] Node Version:  v8.1.4
[debug] [2017-09-06T17:13:08.901Z] Time:          Wed Sep 06 2017 19:13:08 GMT+0200 (CEST)
[debug] [2017-09-06T17:13:08.901Z] ----------------------------------------------------------------------
[debug] 
[debug] [2017-09-06T17:13:08.972Z] > command requires scopes: ["email","openid","https://www.googleapis.com/auth/cloudplatformprojects.readonly","https://www.googleapis.com/auth/firebase","https://www.googleapis.com/auth/cloud-platform"]
[debug] [2017-09-06T17:13:08.973Z] > authorizing via signed-in user
[debug] [2017-09-06T17:13:08.976Z] > refreshing access token with scopes: ["email","https://www.googleapis.com/auth/cloud-platform","https://www.googleapis.com/auth/cloudplatformprojects.readonly","https://www.googleapis.com/auth/firebase","openid"]
[debug] [2017-09-06T17:13:08.976Z] >>> HTTP REQUEST POST https://www.googleapis.com/oauth2/v3/token { refresh_token: '1/j8dSKv6xQvO412p2OCac6aHyipEqU0Xg9Xamea6U3zQ3-vVPaiQF7IorCdaOkXUm',
  client_id: '563584335869-fgrhgmd47bqnekij5i8b5pr03ho849e6.apps.googleusercontent.com',
  client_secret: 'j9iVZfS8kkCEFUPaAeJV0sAi',
  grant_type: 'refresh_token',
  scope: 'email https://www.googleapis.com/auth/cloud-platform https://www.googleapis.com/auth/cloudplatformprojects.readonly https://www.googleapis.com/auth/firebase openid' } 
 Wed Sep 06 2017 19:13:08 GMT+0200 (CEST)
[debug] [2017-09-06T17:13:09.269Z] <<< HTTP RESPONSE 200
[debug] [2017-09-06T17:13:09.348Z] >>> HTTP REQUEST GET https://admin.firebase.com/v1/projects/tiemail-c710e  
 Wed Sep 06 2017 19:13:09 GMT+0200 (CEST)
[debug] [2017-09-06T17:13:12.888Z] <<< HTTP RESPONSE 200
[debug] [2017-09-06T17:13:12.889Z] >>> HTTP REQUEST GET https://admin.firebase.com/v1/database/tiemail-c710e/tokens  
 Wed Sep 06 2017 19:13:12 GMT+0200 (CEST)
[debug] [2017-09-06T17:13:14.106Z] <<< HTTP RESPONSE 200
